Started at Wed Apr 07 16:20:09 UTC 2021
Processing DOCKER-TEST
Offering DOCKER-TEST to Project Build Discarder
Finished at Wed Apr 07 16:20:09 UTC 2021. 12ms
Started at Wed Apr 07 17:20:09 UTC 2021
Processing DOCKER-TEST
Offering DOCKER-TEST to Project Build Discarder
Finished at Wed Apr 07 17:20:09 UTC 2021. 27ms
Started at Wed Apr 07 18:20:09 UTC 2021
Processing DOCKER-TEST
Offering DOCKER-TEST to Project Build Discarder
Finished at Wed Apr 07 18:20:09 UTC 2021. 40ms
Started at Wed Apr 07 19:20:09 UTC 2021
Processing DOCKER-TEST
Offering DOCKER-TEST to Project Build Discarder
Finished at Wed Apr 07 19:20:09 UTC 2021. 32ms
Started at Wed Apr 07 20:20:09 UTC 2021
Processing DOCKER-TEST
Offering DOCKER-TEST to Project Build Discarder
Finished at Wed Apr 07 20:20:09 UTC 2021. 32ms
Started at Wed Apr 07 21:20:09 UTC 2021
Processing DOCKER-TEST
Offering DOCKER-TEST to Project Build Discarder
Finished at Wed Apr 07 21:20:09 UTC 2021. 39ms
Started at Wed Apr 07 22:20:09 UTC 2021
Processing DOCKER-TEST
Offering DOCKER-TEST to Project Build Discarder
Finished at Wed Apr 07 22:20:09 UTC 2021. 34ms
Started at Wed Apr 07 23:20:09 UTC 2021
Processing DOCKER-TEST
Offering DOCKER-TEST to Project Build Discarder
Finished at Wed Apr 07 23:20:09 UTC 2021. 13ms
Started at Thu Apr 08 09:28:58 UTC 2021
Processing DOCKER-TEST
Offering DOCKER-TEST to Project Build Discarder
Finished at Thu Apr 08 09:28:58 UTC 2021. 70ms
